[0626/085229.264:ERROR:process_reader_win.cc(123)] NtOpenThread: {Access Denied} A process has requested access to an object, but has not been granted those access rights. (0xc0000022)
[0626/085229.264:ERROR:exception_snapshot_win.cc(98)] thread ID 1052 not found in process
[0626/085229.472:ERROR:process_reader_win.cc(123)] NtOpenThread: {Access Denied} A process has requested access to an object, but has not been granted those access rights. (0xc0000022)
[0626/085229.472:ERROR:exception_snapshot_win.cc(98)] thread ID 22436 not found in process
[0626/131339.964:ERROR:process_reader_win.cc(123)] NtOpenThread: {Access Denied} A process has requested access to an object, but has not been granted those access rights. (0xc0000022)
[0626/131339.965:ERROR:exception_snapshot_win.cc(98)] thread ID 12636 not found in process
[0628/121620.839:ERROR:process_reader_win.cc(123)] NtOpenThread: {Access Denied} A process has requested access to an object, but has not been granted those access rights. (0xc0000022)
[0628/121620.855:ERROR:exception_snapshot_win.cc(98)] thread ID 2936 not found in process
[0628/121621.018:ERROR:process_reader_win.cc(123)] NtOpenThread: {Access Denied} A process has requested access to an object, but has not been granted those access rights. (0xc0000022)
[0628/121621.018:ERROR:exception_snapshot_win.cc(98)] thread ID 22744 not found in process
[0628/121621.209:ERROR:process_reader_win.cc(123)] NtOpenThread: {Access Denied} A process has requested access to an object, but has not been granted those access rights. (0xc0000022)
[0628/121621.209:ERROR:exception_snapshot_win.cc(98)] thread ID 7832 not found in process
[0701/150646.916:ERROR:process_reader_win.cc(123)] NtOpenThread: {Access Denied} A process has requested access to an object, but has not been granted those access rights. (0xc0000022)
[0701/150646.917:ERROR:exception_snapshot_win.cc(98)] thread ID 25920 not found in process
[0701/150647.108:ERROR:process_reader_win.cc(123)] NtOpenThread: {Access Denied} A process has requested access to an object, but has not been granted those access rights. (0xc0000022)
[0701/150647.109:ERROR:exception_snapshot_win.cc(98)] thread ID 25680 not found in process
[0702/134555.092:ERROR:process_reader_win.cc(123)] NtOpenThread: {Access Denied} A process has requested access to an object, but has not been granted those access rights. (0xc0000022)
[0702/134555.092:ERROR:exception_snapshot_win.cc(98)] thread ID 1760 not found in process
[0702/134555.257:ERROR:process_reader_win.cc(123)] NtOpenThread: {Access Denied} A process has requested access to an object, but has not been granted those access rights. (0xc0000022)
[0702/134555.257:ERROR:exception_snapshot_win.cc(98)] thread ID 26676 not found in process
[0703/094722.771:ERROR:process_reader_win.cc(123)] NtOpenThread: {Access Denied} A process has requested access to an object, but has not been granted those access rights. (0xc0000022)
[0703/094722.771:ERROR:exception_snapshot_win.cc(98)] thread ID 23008 not found in process
[0809/125935.207:ERROR:process_reader_win.cc(123)] NtOpenThread: {Access Denied} A process has requested access to an object, but has not been granted those access rights. (0xc0000022)
[0809/125935.207:ERROR:exception_snapshot_win.cc(98)] thread ID 17136 not found in process
[0809/125935.379:ERROR:process_reader_win.cc(123)] NtOpenThread: {Access Denied} A process has requested access to an object, but has not been granted those access rights. (0xc0000022)
[0809/125935.379:ERROR:exception_snapshot_win.cc(98)] thread ID 18292 not found in process
[0809/141227.900:ERROR:process_reader_win.cc(123)] NtOpenThread: {Access Denied} A process has requested access to an object, but has not been granted those access rights. (0xc0000022)
[0809/141227.900:ERROR:exception_snapshot_win.cc(98)] thread ID 15144 not found in process
[0809/144559.656:ERROR:process_reader_win.cc(123)] NtOpenThread: {Access Denied} A process has requested access to an object, but has not been granted those access rights. (0xc0000022)
[0809/144559.657:ERROR:exception_snapshot_win.cc(98)] thread ID 17032 not found in process
[0809/145400.284:ERROR:process_reader_win.cc(123)] NtOpenThread: {Access Denied} A process has requested access to an object, but has not been granted those access rights. (0xc0000022)
[0809/145400.285:ERROR:exception_snapshot_win.cc(98)] thread ID 9856 not found in process
[0809/155751.215:ERROR:process_reader_win.cc(123)] NtOpenThread: {Access Denied} A process has requested access to an object, but has not been granted those access rights. (0xc0000022)
[0809/155751.215:ERROR:exception_snapshot_win.cc(98)] thread ID 14344 not found in process
[0812/095418.078:ERROR:process_reader_win.cc(123)] NtOpenThread: {Access Denied} A process has requested access to an object, but has not been granted those access rights. (0xc0000022)
[0812/095418.078:ERROR:exception_snapshot_win.cc(98)] thread ID 3948 not found in process
[0814/115143.235:ERROR:process_reader_win.cc(123)] NtOpenThread: {Access Denied} A process has requested access to an object, but has not been granted those access rights. (0xc0000022)
[0814/115143.235:ERROR:exception_snapshot_win.cc(98)] thread ID 19708 not found in process
[0828/114556.462:ERROR:process_reader_win.cc(123)] NtOpenThread: {Access Denied} A process has requested access to an object, but has not been granted those access rights. (0xc0000022)
[0828/114556.464:ERROR:exception_snapshot_win.cc(98)] thread ID 16292 not found in process
[0828/125258.116:ERROR:process_reader_win.cc(123)] NtOpenThread: {Access Denied} A process has requested access to an object, but has not been granted those access rights. (0xc0000022)
[0828/125258.116:ERROR:exception_snapshot_win.cc(98)] thread ID 5472 not found in process
[0828/125258.302:ERROR:process_reader_win.cc(123)] NtOpenThread: {Access Denied} A process has requested access to an object, but has not been granted those access rights. (0xc0000022)
[0828/125258.302:ERROR:exception_snapshot_win.cc(98)] thread ID 18052 not found in process
[0830/105523.905:ERROR:process_reader_win.cc(123)] NtOpenThread: {Access Denied} A process has requested access to an object, but has not been granted those access rights. (0xc0000022)
[0830/105523.908:ERROR:exception_snapshot_win.cc(98)] thread ID 13404 not found in process
[0906/162206.057:ERROR:process_reader_win.cc(123)] NtOpenThread: {Access Denied} A process has requested access to an object, but has not been granted those access rights. (0xc0000022)
[0906/162206.059:ERROR:exception_snapshot_win.cc(98)] thread ID 2140 not found in process
[1028/151531.703:ERROR:process_reader_win.cc(123)] NtOpenThread: {Access Denied} A process has requested access to an object, but has not been granted those access rights. (0xc0000022)
[1028/151531.703:ERROR:exception_snapshot_win.cc(98)] thread ID 4408 not found in process
[1028/151531.919:ERROR:process_reader_win.cc(123)] NtOpenThread: {Access Denied} A process has requested access to an object, but has not been granted those access rights. (0xc0000022)
[1028/151531.919:ERROR:exception_snapshot_win.cc(98)] thread ID 5896 not found in process
[0219/103936.491:ERROR:process_reader_win.cc(123)] NtOpenThread: {Access Denied} A process has requested access to an object, but has not been granted those access rights. (0xc0000022)
[0219/103936.491:ERROR:exception_snapshot_win.cc(98)] thread ID 23780 not found in process
[0219/103936.591:ERROR:process_reader_win.cc(123)] NtOpenThread: {Access Denied} A process has requested access to an object, but has not been granted those access rights. (0xc0000022)
[0219/103936.591:ERROR:exception_snapshot_win.cc(98)] thread ID 15448 not found in process
[0219/104329.685:ERROR:process_reader_win.cc(123)] NtOpenThread: {Access Denied} A process has requested access to an object, but has not been granted those access rights. (0xc0000022)
[0219/104329.686:ERROR:exception_snapshot_win.cc(98)] thread ID 27944 not found in process
[0219/104329.764:ERROR:process_reader_win.cc(123)] NtOpenThread: {Access Denied} A process has requested access to an object, but has not been granted those access rights. (0xc0000022)
[0219/104329.765:ERROR:exception_snapshot_win.cc(98)] thread ID 6432 not found in process
[0219/104329.848:ERROR:process_reader_win.cc(123)] NtOpenThread: {Access Denied} A process has requested access to an object, but has not been granted those access rights. (0xc0000022)
[0219/104329.848:ERROR:exception_snapshot_win.cc(98)] thread ID 13956 not found in process
[0219/104329.853:ERROR:process_reader_win.cc(123)] NtOpenThread: {Access Denied} A process has requested access to an object, but has not been granted those access rights. (0xc0000022)
[0219/104329.853:ERROR:exception_snapshot_win.cc(98)] thread ID 11620 not found in process
[0219/104806.340:ERROR:process_reader_win.cc(123)] NtOpenThread: {Access Denied} A process has requested access to an object, but has not been granted those access rights. (0xc0000022)
[0219/104806.341:ERROR:exception_snapshot_win.cc(98)] thread ID 27816 not found in process
[0219/104806.373:ERROR:process_reader_win.cc(123)] NtOpenThread: {Access Denied} A process has requested access to an object, but has not been granted those access rights. (0xc0000022)
[0219/104806.374:ERROR:exception_snapshot_win.cc(98)] thread ID 1420 not found in process
[0219/104806.408:ERROR:process_reader_win.cc(123)] NtOpenThread: {Access Denied} A process has requested access to an object, but has not been granted those access rights. (0xc0000022)
[0219/104806.408:ERROR:exception_snapshot_win.cc(98)] thread ID 22524 not found in process
[0219/104806.428:ERROR:process_reader_win.cc(123)] NtOpenThread: {Access Denied} A process has requested access to an object, but has not been granted those access rights. (0xc0000022)
[0219/104806.428:ERROR:exception_snapshot_win.cc(98)] thread ID 12668 not found in process
[0219/105221.882:ERROR:process_reader_win.cc(123)] NtOpenThread: {Access Denied} A process has requested access to an object, but has not been granted those access rights. (0xc0000022)
[0219/105221.882:ERROR:exception_snapshot_win.cc(98)] thread ID 12884 not found in process
[0219/105221.913:ERROR:process_reader_win.cc(123)] NtOpenThread: {Access Denied} A process has requested access to an object, but has not been granted those access rights. (0xc0000022)
[0219/105221.913:ERROR:exception_snapshot_win.cc(98)] thread ID 15116 not found in process
[0219/105509.998:ERROR:process_reader_win.cc(123)] NtOpenThread: {Access Denied} A process has requested access to an object, but has not been granted those access rights. (0xc0000022)
[0219/105509.998:ERROR:exception_snapshot_win.cc(98)] thread ID 25836 not found in process
[0219/105509.998:ERROR:process_reader_win.cc(123)] NtOpenThread: {Access Denied} A process has requested access to an object, but has not been granted those access rights. (0xc0000022)
[0219/105509.998:ERROR:exception_snapshot_win.cc(98)] thread ID 17760 not found in process
[0219/105825.199:ERROR:process_reader_win.cc(123)] NtOpenThread: {Access Denied} A process has requested access to an object, but has not been granted those access rights. (0xc0000022)
[0219/105825.199:ERROR:exception_snapshot_win.cc(98)] thread ID 10324 not found in process
[0219/105825.283:ERROR:process_reader_win.cc(123)] NtOpenThread: {Access Denied} A process has requested access to an object, but has not been granted those access rights. (0xc0000022)
[0219/105825.283:ERROR:exception_snapshot_win.cc(98)] thread ID 26792 not found in process
[0219/110149.768:ERROR:process_reader_win.cc(123)] NtOpenThread: {Access Denied} A process has requested access to an object, but has not been granted those access rights. (0xc0000022)
[0219/110149.768:ERROR:exception_snapshot_win.cc(98)] thread ID 18224 not found in process
[0219/110149.894:ERROR:process_reader_win.cc(123)] NtOpenThread: {Access Denied} A process has requested access to an object, but has not been granted those access rights. (0xc0000022)
[0219/110149.894:ERROR:exception_snapshot_win.cc(98)] thread ID 14624 not found in process
[0219/110428.938:ERROR:process_reader_win.cc(123)] NtOpenThread: {Access Denied} A process has requested access to an object, but has not been granted those access rights. (0xc0000022)
[0219/110428.939:ERROR:exception_snapshot_win.cc(98)] thread ID 15792 not found in process
[0219/110428.962:ERROR:process_reader_win.cc(123)] NtOpenThread: {Access Denied} A process has requested access to an object, but has not been granted those access rights. (0xc0000022)
[0219/110428.963:ERROR:exception_snapshot_win.cc(98)] thread ID 16440 not found in process
[0219/110428.980:ERROR:process_reader_win.cc(123)] NtOpenThread: {Access Denied} A process has requested access to an object, but has not been granted those access rights. (0xc0000022)
[0219/110428.980:ERROR:exception_snapshot_win.cc(98)] thread ID 28948 not found in process
[0219/110428.999:ERROR:process_reader_win.cc(123)] NtOpenThread: {Access Denied} A process has requested access to an object, but has not been granted those access rights. (0xc0000022)
[0219/110428.999:ERROR:exception_snapshot_win.cc(98)] thread ID 26176 not found in process
[0219/110429.015:ERROR:process_reader_win.cc(123)] NtOpenThread: {Access Denied} A process has requested access to an object, but has not been granted those access rights. (0xc0000022)
[0219/110429.015:ERROR:exception_snapshot_win.cc(98)] thread ID 14144 not found in process
[0219/110724.608:ERROR:process_reader_win.cc(123)] NtOpenThread: {Access Denied} A process has requested access to an object, but has not been granted those access rights. (0xc0000022)
[0219/110724.609:ERROR:exception_snapshot_win.cc(98)] thread ID 23228 not found in process
[0219/110724.666:ERROR:process_reader_win.cc(123)] NtOpenThread: {Access Denied} A process has requested access to an object, but has not been granted those access rights. (0xc0000022)
[0219/110724.666:ERROR:exception_snapshot_win.cc(98)] thread ID 32156 not found in process
[0219/110724.686:ERROR:process_reader_win.cc(123)] NtOpenThread: {Access Denied} A process has requested access to an object, but has not been granted those access rights. (0xc0000022)
[0219/110724.687:ERROR:exception_snapshot_win.cc(98)] thread ID 10932 not found in process
[0219/110724.715:ERROR:process_reader_win.cc(123)] NtOpenThread: {Access Denied} A process has requested access to an object, but has not been granted those access rights. (0xc0000022)
[0219/110724.715:ERROR:exception_snapshot_win.cc(98)] thread ID 10852 not found in process
[0219/110724.787:ERROR:process_reader_win.cc(123)] NtOpenThread: {Access Denied} A process has requested access to an object, but has not been granted those access rights. (0xc0000022)
[0219/110724.787:ERROR:exception_snapshot_win.cc(98)] thread ID 1216 not found in process
[0219/111446.386:ERROR:process_reader_win.cc(123)] NtOpenThread: {Access Denied} A process has requested access to an object, but has not been granted those access rights. (0xc0000022)
[0219/111446.402:ERROR:exception_snapshot_win.cc(98)] thread ID 17232 not found in process
[0219/111446.480:ERROR:process_reader_win.cc(123)] NtOpenThread: {Access Denied} A process has requested access to an object, but has not been granted those access rights. (0xc0000022)
[0219/111446.480:ERROR:exception_snapshot_win.cc(98)] thread ID 18340 not found in process
[0219/111446.486:ERROR:process_reader_win.cc(123)] NtOpenThread: {Access Denied} A process has requested access to an object, but has not been granted those access rights. (0xc0000022)
[0219/111446.486:ERROR:exception_snapshot_win.cc(98)] thread ID 15704 not found in process
[0219/111446.486:ERROR:process_reader_win.cc(123)] NtOpenThread: {Access Denied} A process has requested access to an object, but has not been granted those access rights. (0xc0000022)
[0219/111446.486:ERROR:exception_snapshot_win.cc(98)] thread ID 21080 not found in process
[0219/111446.580:ERROR:process_reader_win.cc(123)] NtOpenThread: {Access Denied} A process has requested access to an object, but has not been granted those access rights. (0xc0000022)
[0219/111446.580:ERROR:exception_snapshot_win.cc(98)] thread ID 29324 not found in process
[0219/112736.930:ERROR:process_reader_win.cc(123)] NtOpenThread: {Access Denied} A process has requested access to an object, but has not been granted those access rights. (0xc0000022)
[0219/112736.930:ERROR:exception_snapshot_win.cc(98)] thread ID 26816 not found in process
[0219/112736.946:ERROR:process_info.cc(329)] VirtualQueryEx: Access is denied. (0x5)
[0219/112736.946:ERROR:process_info.cc(556)] ReadMemoryInfo failed
[0219/112736.946:ERROR:process_memory_win.cc(39)] Failed to initialize ProcessInfo.
[0219/112736.946:ERROR:scoped_process_suspend.cc(40)] NtResumeProcess: An attempt was made to access an exiting process. (0xc000010a)
[0219/142654.043:ERROR:process_reader_win.cc(123)] NtOpenThread: {Access Denied} A process has requested access to an object, but has not been granted those access rights. (0xc0000022)
[0219/142654.044:ERROR:exception_snapshot_win.cc(98)] thread ID 16980 not found in process
[0219/142654.122:ERROR:process_reader_win.cc(123)] NtOpenThread: {Access Denied} A process has requested access to an object, but has not been granted those access rights. (0xc0000022)
[0219/142654.122:ERROR:exception_snapshot_win.cc(98)] thread ID 27548 not found in process
[0427/133738.277:ERROR:process_reader_win.cc(123)] NtOpenThread: {Access Denied} A process has requested access to an object, but has not been granted those access rights. (0xc0000022)
[0427/133738.278:ERROR:exception_snapshot_win.cc(98)] thread ID 27088 not found in process
[0427/133738.435:ERROR:process_reader_win.cc(123)] NtOpenThread: {Access Denied} A process has requested access to an object, but has not been granted those access rights. (0xc0000022)
[0427/133738.435:ERROR:exception_snapshot_win.cc(98)] thread ID 31888 not found in process
[0427/135055.728:ERROR:process_reader_win.cc(123)] NtOpenThread: {Access Denied} A process has requested access to an object, but has not been granted those access rights. (0xc0000022)
[0427/135055.730:ERROR:exception_snapshot_win.cc(98)] thread ID 33076 not found in process
[0427/135055.946:ERROR:process_reader_win.cc(123)] NtOpenThread: {Access Denied} A process has requested access to an object, but has not been granted those access rights. (0xc0000022)
[0427/135055.946:ERROR:exception_snapshot_win.cc(98)] thread ID 33060 not found in process
[0429/110446.763:ERROR:process_reader_win.cc(123)] NtOpenThread: {Access Denied} A process has requested access to an object, but has not been granted those access rights. (0xc0000022)
[0429/110446.763:ERROR:exception_snapshot_win.cc(98)] thread ID 40792 not found in process
[0429/110446.960:ERROR:process_reader_win.cc(123)] NtOpenThread: {Access Denied} A process has requested access to an object, but has not been granted those access rights. (0xc0000022)
[0429/110446.960:ERROR:exception_snapshot_win.cc(98)] thread ID 47052 not found in process
[0429/115751.196:ERROR:process_reader_win.cc(123)] NtOpenThread: {Access Denied} A process has requested access to an object, but has not been granted those access rights. (0xc0000022)
[0429/115751.197:ERROR:exception_snapshot_win.cc(98)] thread ID 47176 not found in process
[0429/115751.479:ERROR:process_reader_win.cc(123)] NtOpenThread: {Access Denied} A process has requested access to an object, but has not been granted those access rights. (0xc0000022)
[0429/115751.479:ERROR:exception_snapshot_win.cc(98)] thread ID 35656 not found in process
[0429/121712.675:ERROR:process_reader_win.cc(123)] NtOpenThread: {Access Denied} A process has requested access to an object, but has not been granted those access rights. (0xc0000022)
[0429/121712.676:ERROR:exception_snapshot_win.cc(98)] thread ID 47564 not found in process
[0429/121712.948:ERROR:process_reader_win.cc(123)] NtOpenThread: {Access Denied} A process has requested access to an object, but has not been granted those access rights. (0xc0000022)
[0429/121712.948:ERROR:exception_snapshot_win.cc(98)] thread ID 43256 not found in process
[0429/123213.796:ERROR:process_reader_win.cc(123)] NtOpenThread: {Access Denied} A process has requested access to an object, but has not been granted those access rights. (0xc0000022)
[0429/123213.797:ERROR:exception_snapshot_win.cc(98)] thread ID 50936 not found in process
[0429/123214.021:ERROR:process_reader_win.cc(123)] NtOpenThread: {Access Denied} A process has requested access to an object, but has not been granted those access rights. (0xc0000022)
[0429/123214.021:ERROR:exception_snapshot_win.cc(98)] thread ID 50940 not found in process
[0429/123214.105:ERROR:process_reader_win.cc(123)] NtOpenThread: {Access Denied} A process has requested access to an object, but has not been granted those access rights. (0xc0000022)
[0429/123214.106:ERROR:exception_snapshot_win.cc(98)] thread ID 50976 not found in process
[0429/123214.342:ERROR:process_reader_win.cc(123)] NtOpenThread: {Access Denied} A process has requested access to an object, but has not been granted those access rights. (0xc0000022)
[0429/123214.342:ERROR:exception_snapshot_win.cc(98)] thread ID 50996 not found in process
[0429/123214.431:ERROR:process_reader_win.cc(123)] NtOpenThread: {Access Denied} A process has requested access to an object, but has not been granted those access rights. (0xc0000022)
[0429/123214.431:ERROR:exception_snapshot_win.cc(98)] thread ID 51044 not found in process
[0429/123214.698:ERROR:process_reader_win.cc(123)] NtOpenThread: {Access Denied} A process has requested access to an object, but has not been granted those access rights. (0xc0000022)
[0429/123214.698:ERROR:exception_snapshot_win.cc(98)] thread ID 51088 not found in process
[0429/123815.339:ERROR:process_reader_win.cc(123)] NtOpenThread: {Access Denied} A process has requested access to an object, but has not been granted those access rights. (0xc0000022)
[0429/123815.342:ERROR:exception_snapshot_win.cc(98)] thread ID 47452 not found in process
[0429/123815.439:ERROR:process_reader_win.cc(123)] NtOpenThread: {Access Denied} A process has requested access to an object, but has not been granted those access rights. (0xc0000022)
[0429/123815.440:ERROR:exception_snapshot_win.cc(98)] thread ID 51792 not found in process
[0429/123815.512:ERROR:process_reader_win.cc(123)] NtOpenThread: {Access Denied} A process has requested access to an object, but has not been granted those access rights. (0xc0000022)
[0429/123815.512:ERROR:exception_snapshot_win.cc(98)] thread ID 52036 not found in process
[0429/123815.815:ERROR:process_reader_win.cc(123)] NtOpenThread: {Access Denied} A process has requested access to an object, but has not been granted those access rights. (0xc0000022)
[0429/123815.815:ERROR:exception_snapshot_win.cc(98)] thread ID 9052 not found in process
[0429/123815.977:ERROR:process_reader_win.cc(123)] NtOpenThread: {Access Denied} A process has requested access to an object, but has not been granted those access rights. (0xc0000022)
[0429/123815.977:ERROR:exception_snapshot_win.cc(98)] thread ID 52216 not found in process
[0429/123816.149:ERROR:process_reader_win.cc(123)] NtOpenThread: {Access Denied} A process has requested access to an object, but has not been granted those access rights. (0xc0000022)
[0429/123816.149:ERROR:exception_snapshot_win.cc(98)] thread ID 51712 not found in process
[0429/123816.229:ERROR:process_reader_win.cc(123)] NtOpenThread: {Access Denied} A process has requested access to an object, but has not been granted those access rights. (0xc0000022)
[0429/123816.230:ERROR:exception_snapshot_win.cc(98)] thread ID 51900 not found in process
[0429/123816.370:ERROR:process_reader_win.cc(123)] NtOpenThread: {Access Denied} A process has requested access to an object, but has not been granted those access rights. (0xc0000022)
[0429/123816.371:ERROR:exception_snapshot_win.cc(98)] thread ID 49896 not found in process
[0429/123816.447:ERROR:process_reader_win.cc(123)] NtOpenThread: {Access Denied} A process has requested access to an object, but has not been granted those access rights. (0xc0000022)
[0429/123816.448:ERROR:exception_snapshot_win.cc(98)] thread ID 51232 not found in process
[0429/123816.611:ERROR:process_reader_win.cc(123)] NtOpenThread: {Access Denied} A process has requested access to an object, but has not been granted those access rights. (0xc0000022)
[0429/123816.612:ERROR:exception_snapshot_win.cc(98)] thread ID 51212 not found in process
[0429/140339.875:ERROR:process_reader_win.cc(123)] NtOpenThread: {Access Denied} A process has requested access to an object, but has not been granted those access rights. (0xc0000022)
[0429/140339.878:ERROR:exception_snapshot_win.cc(98)] thread ID 28516 not found in process
[0429/140340.039:ERROR:process_reader_win.cc(123)] NtOpenThread: {Access Denied} A process has requested access to an object, but has not been granted those access rights. (0xc0000022)
[0429/140340.039:ERROR:exception_snapshot_win.cc(98)] thread ID 49144 not found in process
[0429/140340.305:ERROR:process_reader_win.cc(123)] NtOpenThread: {Access Denied} A process has requested access to an object, but has not been granted those access rights. (0xc0000022)
[0429/140340.305:ERROR:exception_snapshot_win.cc(98)] thread ID 45688 not found in process
[0429/142558.215:ERROR:process_reader_win.cc(123)] NtOpenThread: {Access Denied} A process has requested access to an object, but has not been granted those access rights. (0xc0000022)
[0429/142558.216:ERROR:exception_snapshot_win.cc(98)] thread ID 36220 not found in process
[0429/142558.421:ERROR:process_reader_win.cc(123)] NtOpenThread: {Access Denied} A process has requested access to an object, but has not been granted those access rights. (0xc0000022)
[0429/142558.421:ERROR:exception_snapshot_win.cc(98)] thread ID 50468 not found in process
[0429/142558.687:ERROR:process_reader_win.cc(123)] NtOpenThread: {Access Denied} A process has requested access to an object, but has not been granted those access rights. (0xc0000022)
[0429/142558.687:ERROR:exception_snapshot_win.cc(98)] thread ID 34144 not found in process
[0429/143434.020:ERROR:process_reader_win.cc(123)] NtOpenThread: {Access Denied} A process has requested access to an object, but has not been granted those access rights. (0xc0000022)
[0429/143434.023:ERROR:exception_snapshot_win.cc(98)] thread ID 51184 not found in process
[0429/143434.268:ERROR:process_reader_win.cc(123)] NtOpenThread: {Access Denied} A process has requested access to an object, but has not been granted those access rights. (0xc0000022)
[0429/143434.268:ERROR:exception_snapshot_win.cc(98)] thread ID 54980 not found in process
[0429/145228.761:ERROR:process_reader_win.cc(123)] NtOpenThread: {Access Denied} A process has requested access to an object, but has not been granted those access rights. (0xc0000022)
[0429/145228.762:ERROR:exception_snapshot_win.cc(98)] thread ID 48708 not found in process
[0429/145229.022:ERROR:process_reader_win.cc(123)] NtOpenThread: {Access Denied} A process has requested access to an object, but has not been granted those access rights. (0xc0000022)
[0429/145229.022:ERROR:exception_snapshot_win.cc(98)] thread ID 40828 not found in process
[0429/151409.400:ERROR:process_reader_win.cc(123)] NtOpenThread: {Access Denied} A process has requested access to an object, but has not been granted those access rights. (0xc0000022)
[0429/151409.401:ERROR:exception_snapshot_win.cc(98)] thread ID 54608 not found in process
[0429/151409.583:ERROR:process_reader_win.cc(123)] NtOpenThread: {Access Denied} A process has requested access to an object, but has not been granted those access rights. (0xc0000022)
[0429/151409.583:ERROR:exception_snapshot_win.cc(98)] thread ID 53172 not found in process
[0429/151814.809:ERROR:process_reader_win.cc(123)] NtOpenThread: {Access Denied} A process has requested access to an object, but has not been granted those access rights. (0xc0000022)
[0429/151814.809:ERROR:exception_snapshot_win.cc(98)] thread ID 54620 not found in process
[0429/151815.063:ERROR:process_reader_win.cc(123)] NtOpenThread: {Access Denied} A process has requested access to an object, but has not been granted those access rights. (0xc0000022)
[0429/151815.063:ERROR:exception_snapshot_win.cc(98)] thread ID 43736 not found in process
[0429/152133.060:ERROR:process_reader_win.cc(123)] NtOpenThread: {Access Denied} A process has requested access to an object, but has not been granted those access rights. (0xc0000022)
[0429/152133.061:ERROR:exception_snapshot_win.cc(98)] thread ID 38268 not found in process
[0429/152133.262:ERROR:process_reader_win.cc(123)] NtOpenThread: {Access Denied} A process has requested access to an object, but has not been granted those access rights. (0xc0000022)
[0429/152133.262:ERROR:exception_snapshot_win.cc(98)] thread ID 50232 not found in process
[0608/111207.217:ERROR:process_reader_win.cc(123)] NtOpenThread: {Access Denied} A process has requested access to an object, but has not been granted those access rights. (0xc0000022)
[0608/111207.218:ERROR:exception_snapshot_win.cc(98)] thread ID 240 not found in process
[0608/135256.533:ERROR:process_reader_win.cc(123)] NtOpenThread: {Access Denied} A process has requested access to an object, but has not been granted those access rights. (0xc0000022)
[0608/135256.533:ERROR:exception_snapshot_win.cc(98)] thread ID 11172 not found in process
[0608/135256.576:ERROR:process_reader_win.cc(123)] NtOpenThread: {Access Denied} A process has requested access to an object, but has not been granted those access rights. (0xc0000022)
[0608/135256.576:ERROR:exception_snapshot_win.cc(98)] thread ID 6264 not found in process
